
      ----------------
      Error, missing "[33m<scully-content>[39m" in route "[33m/blog/first-post[39m"
      without <scully-content> we can not render this route.
      Make sure it is in there, and not inside any conditionals (*ngIf)
      You can check this by opening "[33mhttp://localhost:4200/blog/first-post[39m"
      when you serve your app with [33mng serve[39m and then in the browsers console run:
      [33mdocument.querySelector('scully-content')[39m
      ----------------
      
      ----------------
      Error, missing "[33m<scully-content>[39m" in route "[33m/blog/___UNPUBLISHED___kfmtjfjt_7U3HrKlvk2GaNt1TEBhh93xydwYgF7NW[39m"
      without <scully-content> we can not render this route.
      Make sure it is in there, and not inside any conditionals (*ngIf)
      You can check this by opening "[33mhttp://localhost:4200/blog/___UNPUBLISHED___kfmtjfjt_7U3HrKlvk2GaNt1TEBhh93xydwYgF7NW[39m"
      when you serve your app with [33mng serve[39m and then in the browsers console run:
      [33mdocument.querySelector('scully-content')[39m
      ----------------
      


      ----------------
      Error, missing "[33m<scully-content>[39m" in route "[33m/blog/first-post[39m"
      without <scully-content> we can not render this route.
      Make sure it is in there, and not inside any conditionals (*ngIf)
      You can check this by opening "[33mhttp://localhost:4200/blog/first-post[39m"
      when you serve your app with [33mng serve[39m and then in the browsers console run:
      [33mdocument.querySelector('scully-content')[39m
      ----------------
      

      ----------------
      Error, missing "[33m<scully-content>[39m" in route "[33m/blog/___UNPUBLISHED___kfnfbm0s_8RWD9eQXi1gAmPstrXsUfuiQHBJSaF50[39m"
      without <scully-content> we can not render this route.
      Make sure it is in there, and not inside any conditionals (*ngIf)
      You can check this by opening "[33mhttp://localhost:4200/blog/___UNPUBLISHED___kfnfbm0s_8RWD9eQXi1gAmPstrXsUfuiQHBJSaF50[39m"
      when you serve your app with [33mng serve[39m and then in the browsers console run:
      [33mdocument.querySelector('scully-content')[39m
      ----------------
      
